Reading package lists...
Building dependency tree...
Reading state information...
mesa-utils is already the newest version (8.3.0-1).
libgl1-mesa-glx is already the newest version (18.0.5-0ubuntu0~16.04.1).
0 upgraded, 0 newly installed, 0 to remove and 54 not upgraded.
QFactoryLoader::QFactoryLoader() checking directory path "/opt/conda/lib/python3.6/site-packages/PyQt5/Qt5/plugins/platforms" ...
QFactoryLoader::QFactoryLoader() looking at "/opt/conda/lib/python3.6/site-packages/PyQt5/Qt5/plugins/platforms/libqeglfs.so"
Found metadata in lib /opt/conda/lib/python3.6/site-packages/PyQt5/Qt5/plugins/platforms/libqeglfs.so, metadata=
{
    "IID": "org.qt-project.Qt.QPA.QPlatformIntegrationFactoryInterface.5.3",
    "MetaData": {
        "Keys": [
            "eglfs"
        ]
    },
    "archreq": 0,
    "className": "QEglFSIntegrationPlugin",
    "debug": false,
    "version": 331520
}


Got keys from plugin meta data ("eglfs")
QFactoryLoader::QFactoryLoader() looking at "/opt/conda/lib/python3.6/site-packages/PyQt5/Qt5/plugins/platforms/libqlinuxfb.so"
Found metadata in lib /opt/conda/lib/python3.6/site-packages/PyQt5/Qt5/plugins/platforms/libqlinuxfb.so, metadata=
{
    "IID": "org.qt-project.Qt.QPA.QPlatformIntegrationFactoryInterface.5.3",
    "MetaData": {
        "Keys": [
            "linuxfb"
        ]
    },
    "archreq": 0,
    "className": "QLinuxFbIntegrationPlugin",
    "debug": false,
    "version": 331520
}


Got keys from plugin meta data ("linuxfb")
QFactoryLoader::QFactoryLoader() looking at "/opt/conda/lib/python3.6/site-packages/PyQt5/Qt5/plugins/platforms/libqminimal.so"
Found metadata in lib /opt/conda/lib/python3.6/site-packages/PyQt5/Qt5/plugins/platforms/libqminimal.so, metadata=
{
    "IID": "org.qt-project.Qt.QPA.QPlatformIntegrationFactoryInterface.5.3",
    "MetaData": {
        "Keys": [
            "minimal"
        ]
    },
    "archreq": 0,
    "className": "QMinimalIntegrationPlugin",
    "debug": false,
    "version": 331520
}


Got keys from plugin meta data ("minimal")
QFactoryLoader::QFactoryLoader() looking at "/opt/conda/lib/python3.6/site-packages/PyQt5/Qt5/plugins/platforms/libqminimalegl.so"
Found metadata in lib /opt/conda/lib/python3.6/site-packages/PyQt5/Qt5/plugins/platforms/libqminimalegl.so, metadata=
{
    "IID": "org.qt-project.Qt.QPA.QPlatformIntegrationFactoryInterface.5.3",
    "MetaData": {
        "Keys": [
            "minimalegl"
        ]
    },
    "archreq": 0,
    "className": "QMinimalEglIntegrationPlugin",
    "debug": false,
    "version": 331520
}


Got keys from plugin meta data ("minimalegl")
QFactoryLoader::QFactoryLoader() looking at "/opt/conda/lib/python3.6/site-packages/PyQt5/Qt5/plugins/platforms/libqoffscreen.so"
Found metadata in lib /opt/conda/lib/python3.6/site-packages/PyQt5/Qt5/plugins/platforms/libqoffscreen.so, metadata=
{
    "IID": "org.qt-project.Qt.QPA.QPlatformIntegrationFactoryInterface.5.3",
    "MetaData": {
        "Keys": [
            "offscreen"
        ]
    },
    "archreq": 0,
    "className": "QOffscreenIntegrationPlugin",
    "debug": false,
    "version": 331520
}


Got keys from plugin meta data ("offscreen")
QFactoryLoader::QFactoryLoader() looking at "/opt/conda/lib/python3.6/site-packages/PyQt5/Qt5/plugins/platforms/libqvnc.so"
Found metadata in lib /opt/conda/lib/python3.6/site-packages/PyQt5/Qt5/plugins/platforms/libqvnc.so, metadata=
{
    "IID": "org.qt-project.Qt.QPA.QPlatformIntegrationFactoryInterface.5.3",
    "MetaData": {
        "Keys": [
            "vnc"
        ]
    },
    "archreq": 0,
    "className": "QVncIntegrationPlugin",
    "debug": false,
    "version": 331520
}


Got keys from plugin meta data ("vnc")
QFactoryLoader::QFactoryLoader() looking at "/opt/conda/lib/python3.6/site-packages/PyQt5/Qt5/plugins/platforms/libqwayland-egl.so"
Found metadata in lib /opt/conda/lib/python3.6/site-packages/PyQt5/Qt5/plugins/platforms/libqwayland-egl.so, metadata=
{
    "IID": "org.qt-project.Qt.QPA.QPlatformIntegrationFactoryInterface.5.3",
    "MetaData": {
        "Keys": [
            "wayland-egl"
        ]
    },
    "archreq": 0,
    "className": "QWaylandEglPlatformIntegrationPlugin",
    "debug": false,
    "version": 331520
}


Got keys from plugin meta data ("wayland-egl")
QFactoryLoader::QFactoryLoader() looking at "/opt/conda/lib/python3.6/site-packages/PyQt5/Qt5/plugins/platforms/libqwayland-generic.so"
Found metadata in lib /opt/conda/lib/python3.6/site-packages/PyQt5/Qt5/plugins/platforms/libqwayland-generic.so, metadata=
{
    "IID": "org.qt-project.Qt.QPA.QPlatformIntegrationFactoryInterface.5.3",
    "MetaData": {
        "Keys": [
            "wayland"
        ]
    },
    "archreq": 0,
    "className": "QWaylandIntegrationPlugin",
    "debug": false,
    "version": 331520
}


Got keys from plugin meta data ("wayland")
QFactoryLoader::QFactoryLoader() looking at "/opt/conda/lib/python3.6/site-packages/PyQt5/Qt5/plugins/platforms/libqwayland-xcomposite-egl.so"
Found metadata in lib /opt/conda/lib/python3.6/site-packages/PyQt5/Qt5/plugins/platforms/libqwayland-xcomposite-egl.so, metadata=
{
    "IID": "org.qt-project.Qt.QPA.QPlatformIntegrationFactoryInterface.5.3",
    "MetaData": {
        "Keys": [
            "wayland-xcomposite-egl"
        ]
    },
    "archreq": 0,
    "className": "QWaylandXCompositeEglPlatformIntegrationPlugin",
    "debug": false,
    "version": 331520
}


Got keys from plugin meta data ("wayland-xcomposite-egl")
QFactoryLoader::QFactoryLoader() looking at "/opt/conda/lib/python3.6/site-packages/PyQt5/Qt5/plugins/platforms/libqwayland-xcomposite-glx.so"
Found metadata in lib /opt/conda/lib/python3.6/site-packages/PyQt5/Qt5/plugins/platforms/libqwayland-xcomposite-glx.so, metadata=
{
    "IID": "org.qt-project.Qt.QPA.QPlatformIntegrationFactoryInterface.5.3",
    "MetaData": {
        "Keys": [
            "wayland-xcomposite-glx"
        ]
    },
    "archreq": 0,
    "className": "QWaylandXCompositeGlxPlatformIntegrationPlugin",
    "debug": false,
    "version": 331520
}


Got keys from plugin meta data ("wayland-xcomposite-glx")
QFactoryLoader::QFactoryLoader() looking at "/opt/conda/lib/python3.6/site-packages/PyQt5/Qt5/plugins/platforms/libqwebgl.so"
Found metadata in lib /opt/conda/lib/python3.6/site-packages/PyQt5/Qt5/plugins/platforms/libqwebgl.so, metadata=
{
    "IID": "org.qt-project.Qt.QPA.QPlatformIntegrationFactoryInterface.5.3",
    "MetaData": {
        "Keys": [
            "webgl"
        ]
    },
    "archreq": 0,
    "className": "QWebGLIntegrationPlugin",
    "debug": false,
    "version": 331520
}


Got keys from plugin meta data ("webgl")
QFactoryLoader::QFactoryLoader() looking at "/opt/conda/lib/python3.6/site-packages/PyQt5/Qt5/plugins/platforms/libqxcb.so"
Found metadata in lib /opt/conda/lib/python3.6/site-packages/PyQt5/Qt5/plugins/platforms/libqxcb.so, metadata=
{
    "IID": "org.qt-project.Qt.QPA.QPlatformIntegrationFactoryInterface.5.3",
    "MetaData": {
        "Keys": [
            "xcb"
        ]
    },
    "archreq": 0,
    "className": "QXcbIntegrationPlugin",
    "debug": false,
    "version": 331520
}


Got keys from plugin meta data ("xcb")
QFactoryLoader::QFactoryLoader() checking directory path "/opt/conda/bin/platforms" ...
loaded library "/opt/conda/lib/python3.6/site-packages/PyQt5/Qt5/plugins/platforms/libqxcb.so"
loaded library "Xcursor"
QStandardPaths: XDG_RUNTIME_DIR not set, defaulting to '/tmp/runtime-root'
QFactoryLoader::QFactoryLoader() checking directory path "/opt/conda/lib/python3.6/site-packages/PyQt5/Qt5/plugins/platformthemes" ...
QFactoryLoader::QFactoryLoader() looking at "/opt/conda/lib/python3.6/site-packages/PyQt5/Qt5/plugins/platformthemes/libqgtk3.so"
Found metadata in lib /opt/conda/lib/python3.6/site-packages/PyQt5/Qt5/plugins/platformthemes/libqgtk3.so, metadata=
{
    "IID": "org.qt-project.Qt.QPA.QPlatformThemeFactoryInterface.5.1",
    "MetaData": {
        "Keys": [
            "gtk3"
        ]
    },
    "archreq": 0,
    "className": "QGtk3ThemePlugin",
    "debug": false,
    "version": 331520
}


Got keys from plugin meta data ("gtk3")
QFactoryLoader::QFactoryLoader() looking at "/opt/conda/lib/python3.6/site-packages/PyQt5/Qt5/plugins/platformthemes/libqxdgdesktopportal.so"
Found metadata in lib /opt/conda/lib/python3.6/site-packages/PyQt5/Qt5/plugins/platformthemes/libqxdgdesktopportal.so, metadata=
{
    "IID": "org.qt-project.Qt.QPA.QPlatformThemeFactoryInterface.5.1",
    "MetaData": {
        "Keys": [
            "xdgdesktopportal",
            "flatpak",
            "snap"
        ]
    },
    "archreq": 0,
    "className": "QXdgDesktopPortalThemePlugin",
    "debug": false,
    "version": 331520
}


Got keys from plugin meta data ("xdgdesktopportal", "flatpak", "snap")
QFactoryLoader::QFactoryLoader() checking directory path "/opt/conda/bin/platformthemes" ...
QFactoryLoader::QFactoryLoader() checking directory path "/opt/conda/lib/python3.6/site-packages/PyQt5/Qt5/plugins/platforminputcontexts" ...
QFactoryLoader::QFactoryLoader() looking at "/opt/conda/lib/python3.6/site-packages/PyQt5/Qt5/plugins/platforminputcontexts/libcomposeplatforminputcontextplugin.so"
Found metadata in lib /opt/conda/lib/python3.6/site-packages/PyQt5/Qt5/plugins/platforminputcontexts/libcomposeplatforminputcontextplugin.so, metadata=
{
    "IID": "org.qt-project.Qt.QPlatformInputContextFactoryInterface.5.1",
    "MetaData": {
        "Keys": [
            "compose",
            "xim"
        ]
    },
    "archreq": 0,
    "className": "QComposePlatformInputContextPlugin",
    "debug": false,
    "version": 331520
}


Got keys from plugin meta data ("compose", "xim")
QFactoryLoader::QFactoryLoader() looking at "/opt/conda/lib/python3.6/site-packages/PyQt5/Qt5/plugins/platforminputcontexts/libibusplatforminputcontextplugin.so"
Found metadata in lib /opt/conda/lib/python3.6/site-packages/PyQt5/Qt5/plugins/platforminputcontexts/libibusplatforminputcontextplugin.so, metadata=
{
    "IID": "org.qt-project.Qt.QPlatformInputContextFactoryInterface.5.1",
    "MetaData": {
        "Keys": [
            "ibus"
        ]
    },
    "archreq": 0,
    "className": "QIbusPlatformInputContextPlugin",
    "debug": false,
    "version": 331520
}


Got keys from plugin meta data ("ibus")
QFactoryLoader::QFactoryLoader() checking directory path "/opt/conda/bin/platforminputcontexts" ...
loaded library "/opt/conda/lib/python3.6/site-packages/PyQt5/Qt5/plugins/platforminputcontexts/libcomposeplatforminputcontextplugin.so"
QFactoryLoader::QFactoryLoader() checking directory path "/opt/conda/lib/python3.6/site-packages/PyQt5/Qt5/plugins/styles" ...
QFactoryLoader::QFactoryLoader() checking directory path "/opt/conda/bin/styles" ...
QFactoryLoader::QFactoryLoader() checking directory path "/opt/conda/lib/python3.6/site-packages/PyQt5/Qt5/plugins/iconengines" ...
QFactoryLoader::QFactoryLoader() looking at "/opt/conda/lib/python3.6/site-packages/PyQt5/Qt5/plugins/iconengines/libqsvgicon.so"
Found metadata in lib /opt/conda/lib/python3.6/site-packages/PyQt5/Qt5/plugins/iconengines/libqsvgicon.so, metadata=
{
    "IID": "org.qt-project.Qt.QIconEngineFactoryInterface",
    "MetaData": {
        "Keys": [
            "svg",
            "svgz",
            "svg.gz"
        ]
    },
    "archreq": 0,
    "className": "QSvgIconPlugin",
    "debug": false,
    "version": 331520
}


Got keys from plugin meta data ("svg", "svgz", "svg.gz")
QFactoryLoader::QFactoryLoader() checking directory path "/opt/conda/bin/iconengines" ...
loaded library "/opt/conda/lib/python3.6/site-packages/PyQt5/Qt5/plugins/iconengines/libqsvgicon.so"
QFactoryLoader::QFactoryLoader() checking directory path "/opt/conda/lib/python3.6/site-packages/PyQt5/Qt5/plugins/imageformats" ...
QFactoryLoader::QFactoryLoader() looking at "/opt/conda/lib/python3.6/site-packages/PyQt5/Qt5/plugins/imageformats/libqgif.so"
Found metadata in lib /opt/conda/lib/python3.6/site-packages/PyQt5/Qt5/plugins/imageformats/libqgif.so, metadata=
{
    "IID": "org.qt-project.Qt.QImageIOHandlerFactoryInterface",
    "MetaData": {
        "Keys": [
            "gif"
        ],
        "MimeTypes": [
            "image/gif"
        ]
    },
    "archreq": 0,
    "className": "QGifPlugin",
    "debug": false,
    "version": 331520
}


Got keys from plugin meta data ("gif")
QFactoryLoader::QFactoryLoader() looking at "/opt/conda/lib/python3.6/site-packages/PyQt5/Qt5/plugins/imageformats/libqicns.so"
Found metadata in lib /opt/conda/lib/python3.6/site-packages/PyQt5/Qt5/plugins/imageformats/libqicns.so, metadata=
{
    "IID": "org.qt-project.Qt.QImageIOHandlerFactoryInterface",
    "MetaData": {
        "Keys": [
            "icns"
        ],
        "MimeTypes": [
            "image/x-icns"
        ]
    },
    "archreq": 0,
    "className": "QICNSPlugin",
    "debug": false,
    "version": 331520
}


Got keys from plugin meta data ("icns")
QFactoryLoader::QFactoryLoader() looking at "/opt/conda/lib/python3.6/site-packages/PyQt5/Qt5/plugins/imageformats/libqico.so"
Found metadata in lib /opt/conda/lib/python3.6/site-packages/PyQt5/Qt5/plugins/imageformats/libqico.so, metadata=
{
    "IID": "org.qt-project.Qt.QImageIOHandlerFactoryInterface",
    "MetaData": {
        "Keys": [
            "ico",
            "cur"
        ],
        "MimeTypes": [
            "image/vnd.microsoft.icon",
            "image/vnd.microsoft.icon"
        ]
    },
    "archreq": 0,
    "className": "QICOPlugin",
    "debug": false,
    "version": 331520
}


Got keys from plugin meta data ("ico", "cur")
QFactoryLoader::QFactoryLoader() looking at "/opt/conda/lib/python3.6/site-packages/PyQt5/Qt5/plugins/imageformats/libqjpeg.so"
Found metadata in lib /opt/conda/lib/python3.6/site-packages/PyQt5/Qt5/plugins/imageformats/libqjpeg.so, metadata=
{
    "IID": "org.qt-project.Qt.QImageIOHandlerFactoryInterface",
    "MetaData": {
        "Keys": [
            "jpg",
            "jpeg"
        ],
        "MimeTypes": [
            "image/jpeg",
            "image/jpeg"
        ]
    },
    "archreq": 0,
    "className": "QJpegPlugin",
    "debug": false,
    "version": 331520
}


Got keys from plugin meta data ("jpg", "jpeg")
QFactoryLoader::QFactoryLoader() looking at "/opt/conda/lib/python3.6/site-packages/PyQt5/Qt5/plugins/imageformats/libqsvg.so"
Found metadata in lib /opt/conda/lib/python3.6/site-packages/PyQt5/Qt5/plugins/imageformats/libqsvg.so, metadata=
{
    "IID": "org.qt-project.Qt.QImageIOHandlerFactoryInterface",
    "MetaData": {
        "Keys": [
            "svg",
            "svgz"
        ],
        "MimeTypes": [
            "image/svg+xml",
            "image/svg+xml-compressed"
        ]
    },
    "archreq": 0,
    "className": "QSvgPlugin",
    "debug": false,
    "version": 331520
}


Got keys from plugin meta data ("svg", "svgz")
QFactoryLoader::QFactoryLoader() looking at "/opt/conda/lib/python3.6/site-packages/PyQt5/Qt5/plugins/imageformats/libqtga.so"
Found metadata in lib /opt/conda/lib/python3.6/site-packages/PyQt5/Qt5/plugins/imageformats/libqtga.so, metadata=
{
    "IID": "org.qt-project.Qt.QImageIOHandlerFactoryInterface",
    "MetaData": {
        "Keys": [
            "tga"
        ],
        "MimeTypes": [
            "image/x-tga"
        ]
    },
    "archreq": 0,
    "className": "QTgaPlugin",
    "debug": false,
    "version": 331520
}


Got keys from plugin meta data ("tga")
QFactoryLoader::QFactoryLoader() looking at "/opt/conda/lib/python3.6/site-packages/PyQt5/Qt5/plugins/imageformats/libqtiff.so"
Found metadata in lib /opt/conda/lib/python3.6/site-packages/PyQt5/Qt5/plugins/imageformats/libqtiff.so, metadata=
{
    "IID": "org.qt-project.Qt.QImageIOHandlerFactoryInterface",
    "MetaData": {
        "Keys": [
            "tiff",
            "tif"
        ],
        "MimeTypes": [
            "image/tiff",
            "image/tiff"
        ]
    },
    "archreq": 0,
    "className": "QTiffPlugin",
    "debug": false,
    "version": 331520
}


Got keys from plugin meta data ("tiff", "tif")
QFactoryLoader::QFactoryLoader() looking at "/opt/conda/lib/python3.6/site-packages/PyQt5/Qt5/plugins/imageformats/libqwbmp.so"
Found metadata in lib /opt/conda/lib/python3.6/site-packages/PyQt5/Qt5/plugins/imageformats/libqwbmp.so, metadata=
{
    "IID": "org.qt-project.Qt.QImageIOHandlerFactoryInterface",
    "MetaData": {
        "Keys": [
            "wbmp"
        ],
        "MimeTypes": [
            "image/vnd.wap.wbmp"
        ]
    },
    "archreq": 0,
    "className": "QWbmpPlugin",
    "debug": false,
    "version": 331520
}


Got keys from plugin meta data ("wbmp")
QFactoryLoader::QFactoryLoader() looking at "/opt/conda/lib/python3.6/site-packages/PyQt5/Qt5/plugins/imageformats/libqwebp.so"
Found metadata in lib /opt/conda/lib/python3.6/site-packages/PyQt5/Qt5/plugins/imageformats/libqwebp.so, metadata=
{
    "IID": "org.qt-project.Qt.QImageIOHandlerFactoryInterface",
    "MetaData": {
        "Keys": [
            "webp"
        ],
        "MimeTypes": [
            "image/webp"
        ]
    },
    "archreq": 0,
    "className": "QWebpPlugin",
    "debug": false,
    "version": 331520
}


Got keys from plugin meta data ("webp")
QFactoryLoader::QFactoryLoader() checking directory path "/opt/conda/bin/imageformats" ...
loaded library "/opt/conda/lib/python3.6/site-packages/PyQt5/Qt5/plugins/imageformats/libqgif.so"
loaded library "/opt/conda/lib/python3.6/site-packages/PyQt5/Qt5/plugins/imageformats/libqicns.so"
loaded library "/opt/conda/lib/python3.6/site-packages/PyQt5/Qt5/plugins/imageformats/libqico.so"
loaded library "/opt/conda/lib/python3.6/site-packages/PyQt5/Qt5/plugins/imageformats/libqjpeg.so"
loaded library "/opt/conda/lib/python3.6/site-packages/PyQt5/Qt5/plugins/imageformats/libqsvg.so"
loaded library "/opt/conda/lib/python3.6/site-packages/PyQt5/Qt5/plugins/imageformats/libqtga.so"
loaded library "/opt/conda/lib/python3.6/site-packages/PyQt5/Qt5/plugins/imageformats/libqtiff.so"
loaded library "/opt/conda/lib/python3.6/site-packages/PyQt5/Qt5/plugins/imageformats/libqwbmp.so"
loaded library "/opt/conda/lib/python3.6/site-packages/PyQt5/Qt5/plugins/imageformats/libqwebp.so"
label
正面    1908
负面    2375
Name: label, dtype: int64

分位点为0.91的句子长度:183.
QLibraryPrivate::unload succeeded on "/opt/conda/lib/python3.6/site-packages/PyQt5/Qt5/plugins/imageformats/libqgif.so" 
QLibraryPrivate::unload succeeded on "/opt/conda/lib/python3.6/site-packages/PyQt5/Qt5/plugins/imageformats/libqicns.so" 
QLibraryPrivate::unload succeeded on "/opt/conda/lib/python3.6/site-packages/PyQt5/Qt5/plugins/imageformats/libqico.so" 
QLibraryPrivate::unload succeeded on "/opt/conda/lib/python3.6/site-packages/PyQt5/Qt5/plugins/imageformats/libqjpeg.so" 
QLibraryPrivate::unload succeeded on "/opt/conda/lib/python3.6/site-packages/PyQt5/Qt5/plugins/imageformats/libqsvg.so" 
QLibraryPrivate::unload succeeded on "/opt/conda/lib/python3.6/site-packages/PyQt5/Qt5/plugins/imageformats/libqtga.so" 
QLibraryPrivate::unload succeeded on "/opt/conda/lib/python3.6/site-packages/PyQt5/Qt5/plugins/imageformats/libqtiff.so" 
QLibraryPrivate::unload succeeded on "/opt/conda/lib/python3.6/site-packages/PyQt5/Qt5/plugins/imageformats/libqwbmp.so" 
QLibraryPrivate::unload succeeded on "/opt/conda/lib/python3.6/site-packages/PyQt5/Qt5/plugins/imageformats/libqwebp.so" 
QLibraryPrivate::unload succeeded on "/opt/conda/lib/python3.6/site-packages/PyQt5/Qt5/plugins/iconengines/libqsvgicon.so" 
QLibraryPrivate::unload succeeded on "/opt/conda/lib/python3.6/site-packages/PyQt5/Qt5/plugins/platforminputcontexts/libcomposeplatforminputcontextplugin.so" 
QLibraryPrivate::unload succeeded on "/opt/conda/lib/python3.6/site-packages/PyQt5/Qt5/plugins/platforms/libqxcb.so" 
QLibraryPrivate::unload succeeded on "Xcursor" (faked)
